<?xml version="1.0" encoding="UTF-8"?>
<!-- Generated by org.testng.reporters.JUnitXMLReporter -->
<testsuite ignored="0" hostname="BOOK-KGT1HJ2FI7" failures="1" tests="4" name="Swag Labs Test chrome" time="5.959" errors="0" timestamp="2024-08-08T20:01:23 IST">
  <testcase classname="com.qa.swaglabs.tests.LoginTest" name="loginPageTitleTest" time="0.016">
    <failure type="java.lang.AssertionError" message="expected [Swag Labs12] but found [Swag Labs]">
      <![CDATA[java.lang.AssertionError: expected [Swag Labs12] but found [Swag Labs]
at com.qa.swaglabs.tests.LoginTest.loginPageTitleTest(LoginTest.java:16)
at java.base/java.util.concurrent.Executors$RunnableAdapter.call(Executors.java:572)
at java.base/java.util.concurrent.FutureTask.run(FutureTask.java:317)
at java.base/java.util.concurrent.ThreadPoolExecutor.runWorker(ThreadPoolExecutor.java:1144)
at java.base/java.util.concurrent.ThreadPoolExecutor$Worker.run(ThreadPoolExecutor.java:642)
at java.base/java.lang.Thread.run(Thread.java:1570)
... Removed 17 stack frames]]>
    </failure>
  </testcase> <!-- loginPageTitleTest -->
  <testcase classname="com.qa.swaglabs.tests.LoginTest" name="loginIntoAppTest" time="0.629"/>
  <testcase classname="com.qa.swaglabs.tests.AddProductToCartTest" name="addProductToCartTest" time="2.272"/>
  <testcase classname="com.qa.swaglabs.tests.LoginTest" name="lockedOutUserTest" time="0.27"/>
</testsuite> <!-- Swag Labs Test chrome -->
